[2021-12-24 12:27:46] [INFO   ] SERVER STARTED 
[2021-12-24 14:19:25] [INFO   ] SERVER STARTED 
[2021-12-24 14:30:09] [INFO   ] SERVER STARTED 
[2021-12-24 14:30:21] [INFO   ] SERVER STARTED 
[2021-12-24 14:32:21] [INFO   ] SERVER STARTED 
[2021-12-24 14:32:33] [INFO   ] Client handler does not know how to behave, kicked ! 
[2021-12-24 14:32:33] [INFO   ] Removed from Handlers 11 
[2021-12-24 14:33:12] [INFO   ] SERVER STARTED 
[2021-12-24 14:33:29] [INFO   ] Client handler does not know how to behave, kicked ! 
[2021-12-24 14:33:29] [INFO   ] Removed from Handlers 11 
[2021-12-24 14:34:39] [INFO   ] SERVER STARTED 
[2021-12-24 14:34:57] [INFO   ] Client handler does not know how to behave, kicked ! 
[2021-12-24 14:34:57] [INFO   ] Removed from Handlers 1640345685623 
[2021-12-24 14:37:49] [INFO   ] SERVER STARTED 
[2021-12-24 14:37:59] [INFO   ] Client handler does not know how to behave, kicked ! 
[2021-12-24 14:37:59] [INFO   ] Removed from Handlers 1640345877384 
[2021-12-24 14:38:30] [INFO   ] Client handler does not know how to behave, kicked ! 
[2021-12-24 14:38:30] [INFO   ] Removed from Handlers 1640345908315 
[2021-12-24 14:42:08] [INFO   ] Client handler does not know how to behave, kicked ! 
[2021-12-24 14:42:08] [INFO   ] Removed from Handlers 1640346126287 
[2021-12-24 14:42:33] [INFO   ] Client handler does not know how to behave, kicked ! 
[2021-12-24 14:42:33] [INFO   ] Removed from Handlers 1640346151781 
[2021-12-24 14:44:24] [INFO   ] SERVER STARTED 
[2021-12-24 14:44:50] [INFO   ] Removed from Handlers 1640346273301 
[2021-12-24 14:52:38] [INFO   ] SERVER STARTED 
[2021-12-24 14:52:47] [INFO   ] Registered : 1640346766701 
[2021-12-24 14:52:52] [INFO   ] Removed from Handlers 1640346766701 
[2021-12-24 14:52:54] [INFO   ] Registered : 1640346774385 
[2021-12-24 14:53:04] [INFO   ] SERVER STARTED 
[2021-12-24 14:53:09] [INFO   ] Registered : 1640346788824 
[2021-12-24 14:53:14] [INFO   ] Removed from Handlers 1640346788824 
[2021-12-24 14:53:16] [INFO   ] Registered : 1640346796490 
[2021-12-24 14:53:18] [INFO   ] Removed from Handlers 1640346796490 
[2021-12-24 14:53:19] [INFO   ] Registered : 1640346799292 
[2021-12-24 14:53:21] [INFO   ] Removed from Handlers 1640346799292 
[2021-12-24 14:53:21] [INFO   ] Registered : 1640346801499 
[2021-12-24 14:53:24] [INFO   ] Removed from Handlers 1640346801499 
[2021-12-24 14:53:25] [INFO   ] Registered : 1640346804975 
[2021-12-24 14:53:28] [INFO   ] Removed from Handlers 1640346804975 
[2021-12-24 14:53:29] [INFO   ] Registered : 1640346808799 
[2021-12-24 14:53:36] [INFO   ] Removed from Handlers 1640346808799 
[2021-12-24 14:53:37] [INFO   ] Registered : 1640346816831 
[2021-12-24 14:53:41] [INFO   ] Removed from Handlers 1640346816831 
[2021-12-24 14:54:13] [INFO   ] Registered : 1640346821826 
[2021-12-24 14:55:06] [INFO   ] Removed from Handlers 1640346821826 
[2021-12-24 14:55:18] [INFO   ] Registered : 1640346907077 
[2021-12-24 14:55:18] [INFO   ] Client handler does not know how to behave, kicked ! 
[2021-12-24 14:55:18] [INFO   ] Removed from Handlers 1640346907077 
[2021-12-24 14:55:27] [INFO   ] Registered : 1640346926892 
[2021-12-24 14:56:16] [INFO   ] Removed from Handlers 1640346926892 
[2021-12-24 14:56:16] [INFO   ] Registered : 1640346976726 
[2021-12-24 14:57:53] [INFO   ] SERVER STARTED 
[2021-12-24 14:58:00] [INFO   ] Client handler does not know how to behave, kicked ! 
[2021-12-24 14:58:00] [INFO   ] Removed from Handlers 1640347078635 
[2021-12-24 14:58:14] [INFO   ] Client handler does not know how to behave, kicked ! 
[2021-12-24 14:58:14] [INFO   ] Removed from Handlers 1640347092262 
[2021-12-24 14:59:14] [INFO   ] SERVER STARTED 
[2021-12-24 14:59:20] [INFO   ] Registered : 1640347160194 
[2021-12-24 14:59:46] [INFO   ] Removed from Handlers 1640347160194 
[2021-12-24 15:14:19] [INFO   ] Registered : 1640348059652 
[2021-12-24 16:06:39] [INFO   ] Removed from Handlers 1640348059652 
[2021-12-24 16:09:10] [INFO   ] SERVER STARTED 
[2021-12-24 16:09:15] [INFO   ] Registered : 1640351355181 
[2021-12-24 16:09:19] [INFO   ] Removed from Handlers 1640351355181 
[2021-12-24 16:09:22] [INFO   ] Registered : 1640351362146 
[2021-12-24 16:09:24] [INFO   ] Removed from Handlers 1640351362146 
[2021-12-24 16:09:25] [INFO   ] Registered : 1640351365166 
[2021-12-24 16:09:29] [INFO   ] Removed from Handlers 1640351365166 
[2021-12-24 16:09:30] [INFO   ] Registered : 1640351369961 
[2021-12-24 16:17:13] [INFO   ] Removed from Handlers 1640351369961 
[2021-12-24 16:17:14] [INFO   ] Registered : 1640351834468 
[2021-12-24 16:18:14] [INFO   ] SERVER STARTED 
[2021-12-24 16:18:20] [INFO   ] Registered : 1640351900255 
[2021-12-24 16:20:18] [INFO   ] SERVER STARTED 
[2021-12-24 16:20:23] [INFO   ] Registered : 1640352023377 
[2021-12-24 16:45:30] [INFO   ] SERVER STARTED 
[2021-12-24 18:35:49] [INFO   ] SERVER STARTED 
[2021-12-24 18:35:58] [INFO   ] Registered : 1640360158162 
[2021-12-24 18:37:38] [INFO   ] Registered : 1640360258338 
[2021-12-24 18:38:07] [INFO   ] Client handler does not know how to behave, kicked ! 
[2021-12-24 18:38:07] [INFO   ] Registered : 1640360284791 
[2021-12-24 18:38:07] [SEVERE ]  Error Dispatch:  
[2021-12-24 18:38:07] [INFO   ] Removed from Handlers 1640360284791 
[2021-12-24 18:38:15] [INFO   ] Registered : 1640360293822 
[2021-12-24 18:43:20] [INFO   ] Registered : 1640360599762 
[2021-12-24 18:44:18] [INFO   ] Registered : 1640360657908 
[2021-12-24 18:44:56] [INFO   ] SERVER STARTED 
[2021-12-24 18:45:01] [INFO   ] Registered : 1640360701067 
[2021-12-24 18:46:12] [INFO   ] SERVER STARTED 
[2021-12-24 18:46:20] [INFO   ] Client handler does not know how to behave, kicked ! 
[2021-12-24 18:46:21] [INFO   ] Registered : 1640360777341 
[2021-12-24 18:46:21] [SEVERE ]  Error Dispatch:  
[2021-12-24 18:46:25] [INFO   ] Removed from Handlers 1640360777341 
[2021-12-24 18:46:32] [INFO   ] Registered : 1640360791809 
[2021-12-24 18:47:35] [INFO   ] SERVER STARTED 
[2021-12-24 18:47:44] [INFO   ] Client handler does not know how to behave, kicked ! 
[2021-12-24 18:47:44] [INFO   ] Registered : 1640360859358 
[2021-12-24 18:47:45] [SEVERE ]  Error Dispatch:  
[2021-12-24 18:47:45] [INFO   ] Removed from Handlers 1640360859358 
[2021-12-24 18:47:50] [INFO   ] Registered : 1640360869752 
[2021-12-24 19:12:37] [INFO   ] Removed from Handlers 1640360869752 
[2021-12-24 19:12:38] [INFO   ] Registered : 1640362358594 
[2021-12-24 19:13:00] [INFO   ] SERVER STARTED 
[2021-12-24 19:13:06] [INFO   ] Registered : 1640362386078 
[2021-12-25 04:48:55] [INFO   ] Removed from Handlers 1640362386078 
[2021-12-25 04:48:56] [INFO   ] Registered : 1640396936073 
[2021-12-25 04:49:33] [INFO   ] Removed from Handlers 1640396936073 
[2021-12-25 04:49:33] [INFO   ] Registered : 1640396973707 
[2021-12-25 05:07:24] [INFO   ] SERVER STARTED 
[2021-12-25 05:08:39] [INFO   ] SERVER STARTED 
[2021-12-25 05:10:41] [INFO   ] SERVER STARTED 
[2021-12-25 05:12:01] [INFO   ] SERVER STARTED 
[2021-12-25 05:38:38] [INFO   ] SERVER STARTED 
[2021-12-25 05:38:45] [INFO   ] Registered : 1640399924660 
[2021-12-25 05:40:16] [INFO   ] SERVER STARTED 
[2021-12-25 05:40:19] [INFO   ] Registered : 1640400019416 
[2021-12-25 05:42:16] [INFO   ] SERVER STARTED 
[2021-12-25 05:42:46] [INFO   ] Registered : 1640400165814 
[2021-12-25 05:44:01] [INFO   ] SERVER STARTED 
[2021-12-25 05:44:03] [INFO   ] Registered : 1640400242856 
[2021-12-25 05:45:04] [INFO   ] SERVER STARTED 
[2021-12-25 05:45:07] [INFO   ] Registered : 1640400306955 
[2021-12-25 05:46:15] [INFO   ] SERVER STARTED 
[2021-12-25 05:46:17] [INFO   ] Registered : 1640400376865 
[2021-12-25 05:46:55] [INFO   ] Removed from Handlers 1640400376865 
[2021-12-25 05:53:22] [INFO   ] SERVER STARTED 
[2021-12-25 05:53:23] [INFO   ] Registered : 1640400802875 
[2021-12-25 05:54:35] [INFO   ] SERVER STARTED 
[2021-12-25 05:54:36] [INFO   ] Registered : 1640400876014 
[2021-12-25 05:55:29] [INFO   ] SERVER STARTED 
[2021-12-25 05:55:32] [INFO   ] Registered : 1640400932391 
[2021-12-25 05:55:39] [INFO   ] Wrap(wrapType=REQUEST, code=0, success=false, message=null, cmd=OK, payload=com.xlip.objectstream.communication.sub.ExecutableClass@17435ef3) OK : 1640400932391 
[2021-12-25 05:57:23] [INFO   ] SERVER STARTED 
[2021-12-25 05:57:26] [INFO   ] Registered : 1640401045897 
[2021-12-25 05:57:31] [INFO   ] Wrap(wrapType=REQUEST, code=0, success=false, message=null, cmd=OK, payload=com.xlip.objectstream.communication.sub.ExecutableClass@3f34710) OK : 1640401045897 
[2021-12-25 05:58:13] [INFO   ] Wrap(wrapType=REQUEST, code=0, success=false, message=null, cmd=OK, payload=com.xlip.objectstream.communication.sub.ExecutableClass@5891c863) OK : 1640401045897 
[2021-12-25 06:00:55] [INFO   ] Registered : 1640401255612 
[2021-12-25 06:01:04] [INFO   ] Wrap(wrapType=REQUEST, code=0, success=false, message=null, cmd=OK, payload=com.xlip.objectstream.communication.sub.ExecutableClass@729a33bc) OK : 1640401255612 
[2021-12-25 06:01:15] [INFO   ] Wrap(wrapType=REQUEST, code=0, success=false, message=null, cmd=OK, payload=com.xlip.objectstream.communication.sub.ExecutableClass@40f431c3) OK : 1640401045897 
[2021-12-25 06:01:27] [INFO   ] Wrap(wrapType=REQUEST, code=0, success=false, message=null, cmd=OK, payload=com.xlip.objectstream.communication.sub.ExecutableClass@104ebf18) OK : 1640401045897 
[2021-12-25 06:01:34] [INFO   ] Wrap(wrapType=REQUEST, code=0, success=false, message=null, cmd=OK, payload=com.xlip.objectstream.communication.sub.ExecutableClass@209fb1a5) OK : 1640401045897 
[2021-12-25 06:01:41] [INFO   ] Wrap(wrapType=REQUEST, code=0, success=false, message=null, cmd=OK, payload=com.xlip.objectstream.communication.sub.ExecutableClass@22442eb9) OK : 1640401255612 
[2021-12-25 06:02:06] [INFO   ] Removed from Handlers 1640401255612 
[2021-12-25 06:02:07] [INFO   ] Removed from Handlers 1640401045897 
[2021-12-25 06:04:38] [INFO   ] Registered : 1640401478138 
[2021-12-25 06:05:17] [INFO   ] SERVER STARTED 
[2021-12-25 06:05:22] [INFO   ] Registered : 1640401521614 
[2021-12-25 06:05:41] [INFO   ] Wrap(wrapType=REQUEST, code=0, success=false, message=null, cmd=OK, payload=com.xlip.objectstream.communication.sub.ExecutableClass@411f61ac) OK : 1640401521614 
[2021-12-25 06:05:44] [INFO   ] Wrap(wrapType=REQUEST, code=0, success=false, message=null, cmd=OK, payload=com.xlip.objectstream.communication.sub.ExecutableClass@43d348f0) OK : 1640401521614 
[2021-12-25 06:09:41] [INFO   ] SERVER STARTED 
[2021-12-25 06:09:47] [INFO   ] Registered : 1640401786740 
[2021-12-25 06:09:51] [INFO   ] Wrap(wrapType=REQUEST, code=0, success=false, message=null, cmd=OK, payload=com.xlip.objectstream.communication.sub.ExecutableClass@750e2bc2) OK : 1640401786740 
[2021-12-25 06:10:08] [INFO   ] Wrap(wrapType=REQUEST, code=0, success=false, message=null, cmd=OK, payload=com.xlip.objectstream.communication.sub.ExecutableClass@77c7a6e2) OK : 1640401786740 
[2021-12-25 06:10:38] [INFO   ] Removed from Handlers 1640401786740 
[2021-12-25 06:10:39] [INFO   ] Registered : 1640401839540 
[2021-12-25 06:11:10] [INFO   ] Removed from Handlers 1640401839540 
[2021-12-25 06:11:11] [INFO   ] Registered : 1640401871051 
[2021-12-25 06:11:19] [INFO   ] Wrap(wrapType=null, code=0, success=false, message=null, cmd=OK, payload=null) OK : 1640401871051 
[2021-12-25 06:11:39] [INFO   ] Wrap(wrapType=null, code=0, success=false, message=null, cmd=OK, payload=null) OK : 1640401871051 
[2021-12-25 06:11:44] [INFO   ] Wrap(wrapType=null, code=0, success=false, message=null, cmd=OK, payload=null) OK : 1640401871051 
[2021-12-25 06:12:41] [INFO   ] Wrap(wrapType=null, code=0, success=false, message=null, cmd=OK, payload=null) OK : 1640401871051 
[2021-12-25 06:17:52] [INFO   ] Wrap(wrapType=null, code=0, success=false, message=null, cmd=OK, payload=null) OK : 1640401871051 
[2021-12-25 06:21:24] [INFO   ] Wrap(wrapType=null, code=0, success=false, message=null, cmd=OK, payload=null) OK : 1640401871051 
[2021-12-25 06:32:18] [INFO   ] Wrap(wrapType=null, code=0, success=false, message=null, cmd=OK, payload=null) OK : 1640401871051 
[2021-12-25 06:37:38] [INFO   ] Wrap(wrapType=null, code=0, success=false, message=null, cmd=OK, payload=null) OK : 1640401871051 
[2021-12-25 07:05:17] [INFO   ] Wrap(wrapType=null, code=0, success=false, message=null, cmd=OK, payload=null) OK : 1640401871051 
[2021-12-25 07:06:08] [INFO   ] Removed from Handlers 1640401871051 
[2021-12-25 19:12:59] [INFO   ] SERVER STARTED 
[2021-12-25 19:13:12] [INFO   ] Registered : 1640448791911 
[2021-12-25 19:13:39] [INFO   ] Removed from Handlers 1640448791911 
[2021-12-25 19:13:40] [INFO   ] Registered : 1640448820759 
[2021-12-25 19:14:05] [INFO   ] Wrap(wrapType=null, code=0, success=false, message=null, cmd=OK, payload=null) OK : 1640448820759 
[2021-12-29 20:09:11] [INFO   ] SERVER STARTED 
[2021-12-30 12:52:30] [INFO   ] SERVER STARTED 
[2021-12-30 12:52:39] [INFO   ] Registered : 1640857958587 
[2021-12-30 12:53:11] [INFO   ] Removed from Handlers 1640857958587 
[2021-12-30 12:55:37] [INFO   ] SERVER STARTED 
[2021-12-30 12:55:41] [INFO   ] Registered : 1640858141280 
[2021-12-30 12:55:51] [INFO   ] Removed from Handlers 1640858141280 
[2021-12-30 12:56:16] [INFO   ] Registered : 1640858175820 
[2021-12-30 12:56:43] [INFO   ] Removed from Handlers 1640858175820 
[2021-12-30 12:58:02] [INFO   ] SERVER STARTED 
[2021-12-30 12:58:07] [INFO   ] Registered : 1640858287378 
[2021-12-30 12:58:41] [INFO   ] Removed from Handlers 1640858287378 
[2021-12-30 13:00:03] [INFO   ] Registered : 1640858403481 
[2021-12-30 13:01:24] [INFO   ] Removed from Handlers 1640858403481 
[2021-12-30 13:04:08] [INFO   ] Registered : 1640858648495 
[2021-12-30 13:04:49] [INFO   ] Removed from Handlers 1640858648495 
[2021-12-30 13:06:39] [INFO   ] Registered : 1640858799132 
[2021-12-30 13:06:48] [INFO   ] Removed from Handlers 1640858799132 
[2021-12-31 16:30:52] [INFO   ] SERVER STARTED 
[2021-12-31 16:34:22] [INFO   ] Registered : 1640957662533 
[2021-12-31 16:34:40] [INFO   ] Removed from Handlers 1640957662533 
[2021-12-31 16:37:43] [INFO   ] Registered : 1640957863017 
[2021-12-31 16:37:46] [INFO   ] Removed from Handlers 1640957863017 
[2021-12-31 17:07:41] [INFO   ] Registered : 1640959661162 
[2021-12-31 17:07:53] [INFO   ] Removed from Handlers 1640959661162 
[2021-12-31 17:11:50] [INFO   ] Registered : 1640959910564 
[2021-12-31 17:12:00] [INFO   ] Removed from Handlers 1640959910564 
[2021-12-31 17:12:27] [INFO   ] Registered : 1640959947968 
[2021-12-31 17:13:08] [INFO   ] Removed from Handlers 1640959947968 
[2021-12-31 17:36:24] [INFO   ] Registered : 1640961384602 
[2021-12-31 17:36:28] [INFO   ] Removed from Handlers 1640961384602 
[2021-12-31 17:37:17] [INFO   ] Registered : 1640961437518 
[2021-12-31 17:37:52] [INFO   ] Registered : 1640961472131 
[2021-12-31 17:38:17] [INFO   ] Registered : 1640961497553 
[2021-12-31 17:40:17] [INFO   ] Registered : 1640961617647 
[2021-12-31 17:42:20] [INFO   ] Registered : 1640961740826 
[2021-12-31 17:42:58] [INFO   ] Registered : 1640961778221 
[2021-12-31 17:43:54] [INFO   ] Registered : 1640961834955 
[2021-12-31 17:44:17] [INFO   ] Registered : 1640961857688 
[2021-12-31 17:45:52] [INFO   ] Registered : 1640961952201 
[2021-12-31 17:48:42] [INFO   ] Registered : 1640962122093 
[2021-12-31 17:52:17] [INFO   ] Registered : 1640962337755 
[2021-12-31 17:55:59] [INFO   ] Removed from Handlers 1640962122093 
[2021-12-31 17:55:59] [INFO   ] Removed from Handlers 1640961497553 
[2021-12-31 17:55:59] [INFO   ] Removed from Handlers 1640962337755 
[2021-12-31 17:55:59] [INFO   ] Removed from Handlers 1640961437518 
[2021-12-31 17:55:59] [INFO   ] Removed from Handlers 1640961778221 
[2021-12-31 17:55:59] [INFO   ] Removed from Handlers 1640961740826 
[2021-12-31 17:55:59] [INFO   ] Removed from Handlers 1640961834955 
[2021-12-31 17:55:59] [INFO   ] Removed from Handlers 1640961857688 
[2021-12-31 17:55:59] [INFO   ] Removed from Handlers 1640961952201 
[2021-12-31 17:55:59] [INFO   ] Removed from Handlers 1640961472131 
[2021-12-31 17:55:59] [INFO   ] Removed from Handlers 1640961617647 
[2021-12-31 18:01:11] [INFO   ] Registered : 1640962871304 
[2021-12-31 18:01:11] [INFO   ] Registered : 1640962871307 
[2021-12-31 18:01:11] [INFO   ] Registered : 1640962871312 
[2021-12-31 18:01:52] [INFO   ] Registered : 1640962912250 
[2021-12-31 18:08:17] [INFO   ] Registered : 1640963297778 
[2021-12-31 18:09:00] [INFO   ] Removed from Handlers 1640963297778 
[2021-12-31 18:09:00] [INFO   ] Removed from Handlers 1640962871312 
[2021-12-31 18:09:00] [INFO   ] Removed from Handlers 1640962912250 
[2021-12-31 18:09:00] [INFO   ] Removed from Handlers 1640962871307 
[2021-12-31 18:09:00] [INFO   ] Removed from Handlers 1640962871304 
[2021-12-31 18:20:42] [INFO   ] Registered : 1640964042209 
[2021-12-31 18:25:03] [INFO   ] Registered : 1640964303673 
[2021-12-31 18:25:09] [INFO   ] Removed from Handlers 1640964303673 
[2021-12-31 18:28:37] [INFO   ] Removed from Handlers 1640964042209 
[2021-12-31 18:28:46] [INFO   ] Registered : 1640964526939 
[2021-12-31 18:29:14] [INFO   ] Removed from Handlers 1640964526939 
[2021-12-31 18:29:39] [INFO   ] Registered : 1640964579820 
[2021-12-31 18:30:39] [INFO   ] Registered : 1640964639874 
[2021-12-31 18:32:39] [INFO   ] Registered : 1640964759931 
[2021-12-31 18:33:11] [INFO   ] Registered : 1640964791355 
[2021-12-31 18:33:11] [INFO   ] Registered : 1640964791373 
[2021-12-31 18:33:11] [INFO   ] Registered : 1640964791380 
[2021-12-31 18:33:52] [INFO   ] Registered : 1640964832266 
[2021-12-31 18:36:40] [INFO   ] Registered : 1640965000065 
[2021-12-31 18:40:17] [INFO   ] Registered : 1640965217812 
[2021-12-31 18:44:40] [INFO   ] Registered : 1640965480082 
[2021-12-31 18:55:59] [INFO   ] Removed from Handlers 1640965480082 
[2021-12-31 18:55:59] [INFO   ] Removed from Handlers 1640964791380 
[2021-12-31 18:55:59] [INFO   ] Removed from Handlers 1640964639874 
[2021-12-31 18:55:59] [INFO   ] Removed from Handlers 1640964579820 
[2021-12-31 18:55:59] [INFO   ] Removed from Handlers 1640965217812 
[2021-12-31 18:55:59] [INFO   ] Removed from Handlers 1640965000065 
[2021-12-31 18:55:59] [INFO   ] Removed from Handlers 1640964791373 
[2021-12-31 18:55:59] [INFO   ] Removed from Handlers 1640964759931 
[2021-12-31 18:55:59] [INFO   ] Removed from Handlers 1640964832266 
[2021-12-31 18:55:59] [INFO   ] Removed from Handlers 1640964791355 
[2021-12-31 19:00:26] [INFO   ] Registered : 1640966426522 
[2021-12-31 19:00:38] [INFO   ] Removed from Handlers 1640966426522 
[2021-12-31 19:01:19] [INFO   ] Registered : 1640966479346 
[2021-12-31 19:03:38] [INFO   ] Removed from Handlers 1640966479346 
[2021-12-31 19:08:06] [INFO   ] Registered : 1640966886154 
[2021-12-31 19:08:06] [INFO   ] Removed from Handlers 1640966886154 
[2021-12-31 19:08:23] [INFO   ] Registered : 1640966902968 
[2021-12-31 19:25:58] [INFO   ] Removed from Handlers 1640966902968 
[2021-12-31 19:39:08] [INFO   ] Registered : 1640968748202 
[2021-12-31 19:43:35] [INFO   ] Removed from Handlers 1640968748202 
[2021-12-31 20:01:13] [INFO   ] SERVER STARTED 
[2021-12-31 20:04:26] [INFO   ] Registered : 1640970265920 
[2021-12-31 20:11:16] [INFO   ] Registered : 1640970676850 
[2021-12-31 20:12:10] [INFO   ] Removed from Handlers 1640970265920 
[2021-12-31 20:13:47] [INFO   ] Registered : 1640970827543 
